<?xml version="1.0" encoding="UTF-8"?>
<!-- Generated by org.testng.reporters.JUnitXMLReporter -->
<testsuite ignored="0" hostname="DESKTOP-2R7SLE3" failures="1" tests="1" name="Default test" time="11.017" errors="0" timestamp="2024-07-19T12:30:09 IST">
  <testcase classname="io.cucumber.testng.AbstractTestNGCucumberTests" name="runScenario" time="10.528">
    <failure type="java.lang.NullPointerException" message="Cannot invoke &amp;quot;PageObjects.PageObjectManager.getLandingPage()&amp;quot; because &amp;quot;this.testContextSetup.pageObjectManager&amp;quot; is null">
      <![CDATA[java.lang.NullPointerException: Cannot invoke "PageObjects.PageObjectManager.getLandingPage()" because "this.testContextSetup.pageObjectManager" is null
at stepDefinations.LandingPageStepDefination.user_searched_with_shortname_and_extracted_actual_name_of_product(LandingPageStepDefination.java:47)
at ✽.user searched with Shortname "Tom" and extracted actual name of product(file:///E:/ECLIPSEWorknew/CucumberFramework/src/test/java/Features/searchProduct.feature:6)
]]>
    </failure>
  </testcase> <!-- runScenario -->
</testsuite> <!-- Default test -->
