<?xml version="1.0" encoding="UTF-8"?>
<testng-results ignored="0" total="1" passed="0" failed="1" skipped="0">
  <reporter-output>
  </reporter-output>
  <suite started-at="2024-07-19T12:29:57 IST" name="Default suite" finished-at="2024-07-19T12:30:08 IST" duration-ms="11017">
    <groups>
      <group name="cucumber">
        <method signature="AbstractTestNGCucumberTests.runScenario(io.cucumber.testng.PickleWrapper,io.cucumber.testng.FeatureWrapper)[pri:0, instance:cucumberOptions.TestNgTestRunner@202b0582]" name="runScenario" class="io.cucumber.testng.AbstractTestNGCucumberTests"/>
      </group> <!-- cucumber -->
    </groups>
    <test started-at="2024-07-19T12:29:57 IST" name="Default test" finished-at="2024-07-19T12:30:08 IST" duration-ms="11017">
      <class name="cucumberOptions.TestNgTestRunner">
        <test-method is-config="true" signature="setUpClass(org.testng.ITestContext)[pri:0, instance:cucumberOptions.TestNgTestRunner@202b0582]" started-at="2024-07-19T12:29:57 IST" name="setUpClass" finished-at="2024-07-19T12:29:57 IST" duration-ms="389" status="PASS">
          <params>
            <param index="0">
              <value>
                <![CDATA[org.testng.TestRunner@257cc1fc]]>
              </value>
            </param>
          </params>
          <reporter-output>
          </reporter-output>
        </test-method> <!-- setUpClass -->
        <test-method signature="runScenario(io.cucumber.testng.PickleWrapper,io.cucumber.testng.FeatureWrapper)[pri:0, instance:cucumberOptions.TestNgTestRunner@202b0582]" started-at="2024-07-19T12:29:57 IST" name="runScenario" description="Runs Cucumber Scenarios" data-provider="scenarios" finished-at="2024-07-19T12:30:08 IST" duration-ms="10528" status="FAIL">
          <params>
            <param index="0">
              <value>
                <![CDATA["Sarch Experience for product search in both home and Offers page"]]>
              </value>
            </param>
            <param index="1">
              <value>
                <![CDATA["Search and Place the order for Products"]]>
              </value>
            </param>
          </params>
          <exception class="java.lang.NullPointerException">
            <message>
              <![CDATA[Cannot invoke "PageObjects.PageObjectManager.getLandingPage()" because "this.testContextSetup.pageObjectManager" is null]]>
            </message>
            <full-stacktrace>
              <![CDATA[java.lang.NullPointerException: Cannot invoke "PageObjects.PageObjectManager.getLandingPage()" because "this.testContextSetup.pageObjectManager" is null
at stepDefinations.LandingPageStepDefination.user_searched_with_shortname_and_extracted_actual_name_of_product(LandingPageStepDefination.java:47)
at ✽.user searched with Shortname "Tom" and extracted actual name of product(file:///E:/ECLIPSEWorknew/CucumberFramework/src/test/java/Features/searchProduct.feature:6)
]]>
            </full-stacktrace>
          </exception> <!-- java.lang.NullPointerException -->
          <reporter-output>
          </reporter-output>
        </test-method> <!-- runScenario -->
        <test-method is-config="true" signature="tearDownClass()[pri:0, instance:cucumberOptions.TestNgTestRunner@202b0582]" started-at="2024-07-19T12:30:08 IST" name="tearDownClass" finished-at="2024-07-19T12:30:08 IST" duration-ms="13" status="PASS">
          <reporter-output>
          </reporter-output>
        </test-method> <!-- tearDownClass -->
      </class> <!-- cucumberOptions.TestNgTestRunner -->
    </test> <!-- Default test -->
  </suite> <!-- Default suite -->
</testng-results>
