<?xml version="1.0" encoding="UTF-8"?>
<!-- Generated by org.testng.reporters.JUnitReportReporter -->
<testsuite hostname="DESKTOP-2R7SLE3" failures="0" tests="1" name="cucumberOptions.TestNgTestRunner" time="10.528" errors="1" timestamp="2024-07-19T12:30:10 IST" skipped="0">
  <testcase classname="cucumberOptions.TestNgTestRunner" name="runScenario" time="10.528">
    <error message="Cannot invoke &quot;PageObjects.PageObjectManager.getLandingPage()&quot; because &quot;this.testContextSetup.pageObjectManager&quot; is null" type="java.lang.NullPointerException">
      <![CDATA[java.lang.NullPointerException: Cannot invoke "PageObjects.PageObjectManager.getLandingPage()" because "this.testContextSetup.pageObjectManager" is null
at stepDefinations.LandingPageStepDefination.user_searched_with_shortname_and_extracted_actual_name_of_product(LandingPageStepDefination.java:47)
at ✽.user searched with Shortname "Tom" and extracted actual name of product(file:///E:/ECLIPSEWorknew/CucumberFramework/src/test/java/Features/searchProduct.feature:6)
]]>
    </error>
  </testcase> <!-- runScenario -->
</testsuite> <!-- cucumberOptions.TestNgTestRunner -->
